#
# There is insufficient memory for the Java Runtime Environment to continue.
# Native memory allocation (malloc) failed to allocate 1048576 bytes for AllocateHeap
# Possible reasons:
#   The system is out of physical RAM or swap space
#   The process is running with CompressedOops enabled, and the Java Heap may be blocking the growth of the native heap
# Possible solutions:
#   Reduce memory load on the system
#   Increase physical memory or swap space
#   Check if swap backing store is full
#   Decrease Java heap size (-Xmx/-Xms)
#   Decrease number of Java threads
#   Decrease Java thread stack sizes (-Xss)
#   Set larger code cache with -XX:ReservedCodeCacheSize=
#   JVM is running with Unscaled Compressed Oops mode in which the Java heap is
#     placed in the first 4GB address space. The Java Heap base address is the
#     maximum limit for the native heap growth. Please use -XX:HeapBaseMinAddress
#     to set the Java Heap base and to place the Java Heap above 4GB virtual address.
# This output file may be truncated or incomplete.
#
#  Out of Memory Error (memory/allocation.inline.hpp:61), pid=13840, tid=0x0000000000000074
#
# JRE version:  (8.0_212-b04) (build )
# Java VM: OpenJDK 64-Bit Server VM (25.212-b04 mixed mode windows-amd64 compressed oops)
# Failed to write core dump. Minidumps are not enabled by default on client versions of Windows
#

---------------  T H R E A D  ---------------

Current thread (0x00000000031a2800):  JavaThread "Unknown thread" [_thread_in_vm, id=116, stack(0x0000000003050000,0x0000000003150000)]

Stack: [0x0000000003050000,0x0000000003150000]
[error occurred during error reporting (printing stack bounds), id 0xc0000005]

Native frames: (J=compiled Java code, j=interpreted, Vv=VM code, C=native code)


---------------  P R O C E S S  ---------------

Java Threads: ( => current thread )

Other Threads:

=>0x00000000031a2800 (exited) JavaThread "Unknown thread" [_thread_in_vm, id=116, stack(0x0000000003050000,0x0000000003150000)]

VM state:not at safepoint (normal execution)

VM Mutex/Monitor currently owned by a thread: None

heap address: 0x0000000081c00000, size: 2020 MB, Compressed Oops mode: 32-bit
Narrow klass base: 0x0000000000000000, Narrow klass shift: 3
Compressed class space size: 1073741824 Address: 0x0000000100000000

Heap:
 PSYoungGen      total 38400K, used 665K [0x00000000d5f00000, 0x00000000d8980000, 0x0000000100000000)
  eden space 33280K, 2% used [0x00000000d5f00000,0x00000000d5fa6670,0x00000000d7f80000)
  from space 5120K, 0% used [0x00000000d8480000,0x00000000d8480000,0x00000000d8980000)
  to   space 5120K, 0% used [0x00000000d7f80000,0x00000000d7f80000,0x00000000d8480000)
 ParOldGen       total 87552K, used 0K [0x0000000081c00000, 0x0000000087180000, 0x00000000d5f00000)
  object space 87552K, 0% used [0x0000000081c00000,0x0000000081c00000,0x0000000087180000)
 Metaspace       used 778K, capacity 4480K, committed 4480K, reserved 1056768K
  class space    used 74K, capacity 384K, committed 384K, reserved 1048576K

Card table byte_map: [0x0000000012660000,0x0000000012a60000] byte_map_base: 0x0000000012252000

Marking Bits: (ParMarkBitMap*) 0x0000000063109f30
 Begin Bits: [0x0000000013110000, 0x00000000150a0000)
 End Bits:   [0x00000000150a0000, 0x0000000017030000)

Polling page: 0x0000000001460000

CodeCache: size=245760Kb used=328Kb max_used=328Kb free=245431Kb
 bounds [0x00000000032a0000, 0x0000000003510000, 0x00000000122a0000]
 total_blobs=57 nmethods=0 adapters=38
 compilation: enabled

Compilation events (0 events):
No events

GC Heap History (0 events):
No events

Deoptimization events (0 events):
No events

Classes redefined (0 events):
No events

Internal exceptions (0 events):
No events

Events (10 events):
Event: 0.264 loading class java/lang/Short
Event: 0.265 loading class java/lang/Short done
Event: 0.265 loading class java/lang/Integer
Event: 0.265 loading class java/lang/Integer done
Event: 0.265 loading class java/lang/Long
Event: 0.266 loading class java/lang/Long done
Event: 0.269 loading class java/lang/NullPointerException
Event: 0.270 loading class java/lang/NullPointerException done
Event: 0.270 loading class java/lang/ArithmeticException
Event: 0.270 loading class java/lang/ArithmeticException done


Dynamic libraries:
0x00007ff69d6c0000 - 0x00007ff69d6f1000 	C:\Program Files\Android\Android Studio1\jre\jre\bin\java.exe
0x00007ffddd810000 - 0x00007ffddd9fd000 	C:\WINDOWS\SYSTEM32\ntdll.dll
0x00007ffddbae0000 - 0x00007ffddbb93000 	C:\WINDOWS\System32\KERNEL32.DLL
0x00007ffdda5a0000 - 0x00007ffdda835000 	C:\WINDOWS\System32\KERNELBASE.dll
0x00007ffddb920000 - 0x00007ffddb9c3000 	C:\WINDOWS\System32\ADVAPI32.dll
0x00007ffddb870000 - 0x00007ffddb90e000 	C:\WINDOWS\System32\msvcrt.dll
0x00007ffddd4f0000 - 0x00007ffddd58e000 	C:\WINDOWS\System32\sechost.dll
0x00007ffddaa60000 - 0x00007ffddab82000 	C:\WINDOWS\System32\RPCRT4.dll
0x00007ffddd320000 - 0x00007ffddd4b7000 	C:\WINDOWS\System32\USER32.dll
0x00007ffdda9e0000 - 0x00007ffddaa00000 	C:\WINDOWS\System32\win32u.dll
0x00007ffddd4c0000 - 0x00007ffddd4e9000 	C:\WINDOWS\System32\GDI32.dll
0x00007ffdda1b0000 - 0x00007ffdda349000 	C:\WINDOWS\System32\gdi32full.dll
0x00007ffdda840000 - 0x00007ffdda8e0000 	C:\WINDOWS\System32\msvcp_win.dll
0x00007ffdda8e0000 - 0x00007ffdda9da000 	C:\WINDOWS\System32\ucrtbase.dll
0x00007ffdc4130000 - 0x00007ffdc43a9000 	C:\WINDOWS\WinSxS\amd64_microsoft.windows.common-controls_6595b64144ccf1df_6.0.17763.1158_none_de722d88534a897f\COMCTL32.dll
0x00007ffddafd0000 - 0x00007ffddb2fc000 	C:\WINDOWS\System32\combase.dll
0x00007ffdd9950000 - 0x00007ffdd99ce000 	C:\WINDOWS\System32\bcryptPrimitives.dll
0x00007ffddafa0000 - 0x00007ffddafce000 	C:\WINDOWS\System32\IMM32.DLL
0x0000000062780000 - 0x0000000062852000 	C:\Program Files\Android\Android Studio1\jre\jre\bin\msvcr100.dll
0x0000000062940000 - 0x0000000063186000 	C:\Program Files\Android\Android Studio1\jre\jre\bin\server\jvm.dll
0x00007ffddd590000 - 0x00007ffddd598000 	C:\WINDOWS\System32\PSAPI.DLL
0x00007ffdd3160000 - 0x00007ffdd316a000 	C:\WINDOWS\SYSTEM32\VERSION.dll
0x00007ffdd7620000 - 0x00007ffdd7644000 	C:\WINDOWS\SYSTEM32\WINMM.dll
0x00007ffdd7500000 - 0x00007ffdd752d000 	C:\WINDOWS\SYSTEM32\WINMMBASE.dll
0x00007ffdda530000 - 0x00007ffdda57a000 	C:\WINDOWS\System32\cfgmgr32.dll
0x00007ffdd2310000 - 0x00007ffdd2319000 	C:\WINDOWS\SYSTEM32\WSOCK32.dll
0x00007ffddd2b0000 - 0x00007ffddd31d000 	C:\WINDOWS\System32\WS2_32.dll
0x00007ffdcffb0000 - 0x00007ffdcffbf000 	C:\Program Files\Android\Android Studio1\jre\jre\bin\verify.dll
0x00007ffdc8d40000 - 0x00007ffdc8d69000 	C:\Program Files\Android\Android Studio1\jre\jre\bin\java.dll
0x00007ffdcff90000 - 0x00007ffdcffa6000 	C:\Program Files\Android\Android Studio1\jre\jre\bin\zip.dll

VM Arguments:
java_command: org.jetbrains.git4idea.http.GitAskPassApp Username for 'https://github.com': 
java_class_path (initial): C:/Program Files/Android/Android Studio1/plugins/git4idea/lib/git4idea-rt.jar;C:/Program Files/Android/Android Studio1/lib/xmlrpc-2.0.1.jar;C:/Program Files/Android/Android Studio1/lib/commons-codec-1.13.jar;C:/Program Files/Android/Android Studio1/lib/util.jar
Launcher Type: SUN_STANDARD

Environment Variables:
JAVA_HOME=C:\Program Files\Java\jdk
PATH=C:\Program Files\Git\mingw64\libexec\git-core;C:\Program Files\Git\mingw64\libexec\git-core;C:\Program Files\Git\mingw64\bin;C:\Program Files\Git\usr\bin;C:\Users\Riya Ghosh\bin;C:\WINDOWS\system32;C:\WINDOWS;C:\WINDOWS\System32\Wbem;C:\WINDOWS\System32\WindowsPowerShell\v1.0;C:\Program Files (x86)\ATI Technologies\ATI.ACE\Core-Static;C:\Program Files\Intel\WiFi\bin;C:\Program Files\Common Files\Intel\WirelessCommon;C:\Program Files\dotnet;C:\Program Files\Microsoft SQL Server\130\Tools\Binn;C:\WINDOWS\System32\OpenSSH;C:\Program Files\Java\jdk\bin;C:\Program Files\Java\jre\bin;C:\Program Files (x86)\AMD\ATI.ACE\Core-Static;C:\MinGW\bin;C:\Program Files\Git\cmd;C:\Program Files\Git\mingw64\bin;C:\Program Files\Git\usr\bin;C:\Users\Riya Ghosh\AppData\Local\Microsoft\WindowsApps;C:\Users\Riya Ghosh\AppData\Local\Programs\Microsoft VS Code\bin;C:\IntelPython3;C:\IntelPython3\Scripts
USERNAME=Riya Ghosh
DISPLAY=:0.0
OS=Windows_NT
PROCESSOR_IDENTIFIER=Intel64 Family 6 Model 78 Stepping 3, GenuineIntel



---------------  S Y S T E M  ---------------

OS: Windows 10.0 , 64 bit Build 17763 (10.0.17763.1158)

CPU:total 4 (initial active 4) (2 cores per cpu, 2 threads per core) family 6 model 78 stepping 3, cmov, cx8, fxsr, mmx, sse, sse2, sse3, ssse3, sse4.1, sse4.2, popcnt, avx, avx2, aes, clmul, erms, 3dnowpref, lzcnt, ht, tsc, tscinvbit, bmi1, bmi2, adx

Memory: 4k page, physical 8268040k(311768k free), swap 12461320k(5808k free)

vm_info: OpenJDK 64-Bit Server VM (25.212-b04) for windows-amd64 JRE (1.8.0_212-release-1586-b04), built by "builder" with MS VC++ 10.0 (VS2010)

time: Thu May 07 02:54:43 2020
timezone: India Standard Time
elapsed time: 0 seconds (0d 0h 0m 0s)

